2026-07-12 18:34:52,755 [INFO] Checking: DWC Villianur Watch
2026-07-12 18:34:53,813 [ERROR] Telegram send failed: {"ok":false,"error_code":401,"description":"Unauthorized"}
2026-07-12 18:34:53,814 [INFO] Alert sent: 💰 <b>PRICE DROP</b>: DWC Villianur Watch
2026-07-12 18:34:55,815 [INFO] Check complete for 1 product(s).
2026-07-12 18:45:22,655 [INFO] Checking: DWC Villianur Watch
2026-07-12 18:45:25,119 [INFO] Check complete for 1 product(s).
2026-07-12 18:47:27,153 [INFO] Checking: DWC Villianur Watch
2026-07-12 18:47:29,722 [INFO] Check complete for 1 product(s).
2026-07-12 18:52:08,758 [INFO] Checking: DWC Villianur Watch
2026-07-12 18:52:13,783 [INFO] Alert sent: 💰 <b>PRICE DROP</b>: DWC Villianur Watch
2026-07-12 18:52:15,784 [INFO] Check complete for 1 product(s).
2026-07-12 19:25:24,361 [INFO] Checking: DWC Villianur Watch
2026-07-12 19:25:25,415 [INFO] Alert sent: 👀 <b>Tracking started</b>: DWC Villianur Watch
2026-07-12 19:25:27,416 [INFO] Check complete for 1 product(s).
2026-07-12 20:30:53,337 [INFO] Checking: DWC Villianur Watch
2026-07-12 20:30:55,938 [INFO] Check complete for 1 product(s).
2026-07-12 23:37:53,260 [INFO] Checking: DWC Villianur Watch
2026-07-12 23:37:55,764 [INFO] Check complete for 1 product(s).
2026-07-13 07:25:38,642 [INFO] Checking: DWC Villianur Watch
2026-07-13 07:25:41,142 [INFO] Check complete for 1 product(s).
2026-07-13 10:45:42,203 [INFO] Checking: DWC Villianur Watch
2026-07-13 10:45:44,760 [INFO] Check complete for 1 product(s).
2026-07-13 18:06:15,413 [INFO] Checking: DWC Villianur Watch
2026-07-13 18:06:17,890 [INFO] Check complete for 1 product(s).
2026-07-13 21:31:30,398 [INFO] Checking: DWC Villianur Watch
2026-07-13 21:31:33,010 [INFO] Check complete for 1 product(s).
2026-07-14 05:58:50,594 [INFO] Checking: DWC Villianur Watch
2026-07-14 05:58:53,136 [INFO] Check complete for 1 product(s).
2026-07-14 11:12:48,912 [INFO] Checking: DWC Villianur Watch
2026-07-14 11:12:51,492 [INFO] Check complete for 1 product(s).
2026-07-14 14:07:20,192 [INFO] Checking: DWC Villianur Watch
2026-07-14 14:07:22,731 [INFO] Check complete for 1 product(s).
2026-07-14 14:08:23,613 [INFO] Checking: DWC Villianur Watch
2026-07-14 14:08:26,180 [INFO] Check complete for 1 product(s).
2026-07-14 14:09:24,898 [INFO] Checking: DWC Villianur Watch
2026-07-14 14:09:27,404 [INFO] Check complete for 1 product(s).
2026-07-14 14:11:12,239 [INFO] Checking: DWC Villianur Watch
2026-07-14 14:11:14,772 [INFO] Check complete for 1 product(s).
2026-07-14 14:12:30,668 [INFO] Checking: DWC Villianur Watch
2026-07-14 14:12:33,188 [INFO] Check complete for 1 product(s).
2026-07-14 14:13:24,013 [INFO] Checking: DWC Villianur Watch
2026-07-14 14:13:26,578 [INFO] Check complete for 1 product(s).
2026-07-14 14:14:34,865 [INFO] Checking: DWC Villianur Watch
2026-07-14 14:14:37,186 [INFO] Check complete for 1 product(s).
2026-07-14 14:15:42,394 [INFO] Checking: DWC Villianur Watch
2026-07-14 14:15:44,899 [INFO] Check complete for 1 product(s).
2026-07-14 14:16:22,668 [INFO] Checking: DWC Villianur Watch
2026-07-14 14:16:25,045 [INFO] Check complete for 1 product(s).
2026-07-14 14:17:23,412 [INFO] Checking: DWC Villianur Watch
2026-07-14 14:17:25,946 [INFO] Check complete for 1 product(s).
2026-07-14 14:18:29,736 [INFO] Checking: DWC Villianur Watch
2026-07-14 14:18:32,177 [INFO] Check complete for 1 product(s).
2026-07-14 14:19:25,813 [INFO] Checking: DWC Villianur Watch
2026-07-14 14:19:28,209 [INFO] Check complete for 1 product(s).
2026-07-14 14:21:08,844 [INFO] Checking: DWC Villianur Watch
2026-07-14 14:21:11,257 [INFO] Check complete for 1 product(s).
2026-07-14 14:22:25,385 [INFO] Checking: DWC Villianur Watch
2026-07-14 14:22:27,927 [INFO] Check complete for 1 product(s).
2026-07-14 14:23:23,569 [INFO] Checking: DWC Villianur Watch
2026-07-14 14:23:25,914 [INFO] Check complete for 1 product(s).
2026-07-14 14:24:24,432 [INFO] Checking: DWC Villianur Watch
2026-07-14 14:24:26,873 [INFO] Check complete for 1 product(s).
2026-07-14 14:25:36,585 [INFO] Checking: DWC Villianur Watch
2026-07-14 14:25:38,983 [INFO] Check complete for 1 product(s).
2026-07-14 14:26:29,801 [INFO] Checking: DWC Villianur Watch
2026-07-14 14:26:32,159 [INFO] Check complete for 1 product(s).
2026-07-14 14:27:21,409 [INFO] Checking: DWC Villianur Watch
2026-07-14 14:27:23,935 [INFO] Check complete for 1 product(s).
2026-07-14 14:28:25,593 [INFO] Checking: DWC Villianur Watch
2026-07-14 14:28:27,927 [INFO] Check complete for 1 product(s).
2026-07-14 14:29:20,280 [INFO] Checking: DWC Villianur Watch
2026-07-14 14:29:22,649 [INFO] Check complete for 1 product(s).
2026-07-14 14:31:18,292 [INFO] Checking: DWC Villianur Watch
2026-07-14 14:31:20,650 [INFO] Check complete for 1 product(s).
2026-07-14 14:32:28,888 [INFO] Checking: DWC Villianur Watch
2026-07-14 14:32:31,244 [INFO] Check complete for 1 product(s).
2026-07-14 14:33:21,980 [INFO] Checking: DWC Villianur Watch
2026-07-14 14:33:24,361 [INFO] Check complete for 1 product(s).
2026-07-14 14:34:23,672 [INFO] Checking: DWC Villianur Watch
2026-07-14 14:34:26,367 [INFO] Check complete for 1 product(s).
2026-07-14 14:35:34,185 [INFO] Checking: DWC Villianur Watch
2026-07-14 14:35:36,582 [INFO] Check complete for 1 product(s).
2026-07-14 14:36:25,689 [INFO] Checking: DWC Villianur Watch
2026-07-14 14:36:28,345 [INFO] Check complete for 1 product(s).
